Using pre-set license
Built from '2021.1/release' branch; Version is '2021.1.0f1 (61a549675243) revision 6399305'; Using compiler version '192528614'; Build Type 'Release'
OS: 'Windows 10 Pro; OS build 19044.1466; Version 2009; 64bit' Language: 'en' Physical Memory: 16217 MB
BatchMode: 1, IsHumanControllingUs: 0, StartBugReporterOnCrash: 0, Is64bit: 1, IsPro: 0

 COMMAND LINE ARGUMENTS:
C:\Program Files\Unity\Hub\Editor\2021.1.0f1\Editor\Unity.exe
-adb2
-batchMode
-noUpm
-name
AssetImportWorker0
-projectPath
F:/Dev/GIT/EscapeOmicron
-logFile
Logs/AssetImportWorker0.log
-srvPort
62720
Successfully changed project path to: F:/Dev/GIT/EscapeOmicron
F:/Dev/GIT/EscapeOmicron
Using Asset Import Pipeline V2.
Refreshing native plugins compatible for Editor in 105.39 ms, found 2 plugins.
Preloading 0 native plugins for Editor in 0.00 ms.
Initialize engine version: 2021.1.0f1 (61a549675243)
[Subsystems] Discovering subsystems at path C:/Program Files/Unity/Hub/Editor/2021.1.0f1/Editor/Data/Resources/UnitySubsystems
[Subsystems] Discovering subsystems at path F:/Dev/GIT/EscapeOmicron/Assets
GfxDevice: creating device client; threaded=0; jobified=0
Direct3D:
    Version:  Direct3D 11.0 [level 11.1]
    Renderer: Radeon RX 580 Series (ID=0x67df)
    Vendor:   ATI
    VRAM:     8171 MB
    Driver:   30.0.14011.3017
Initialize mono
Mono path[0] = 'C:/Program Files/Unity/Hub/Editor/2021.1.0f1/Editor/Data/Managed'
Mono path[1] = 'C:/Program Files/Unity/Hub/Editor/2021.1.0f1/Editor/Data/MonoBleedingEdge/lib/mono/unityjit'
Mono config path = 'C:/Program Files/Unity/Hub/Editor/2021.1.0f1/Editor/Data/MonoBleedingEdge/etc'
Using monoOptions --debugger-agent=transport=dt_socket,embedding=1,server=y,suspend=n,address=127.0.0.1:56412
Begin MonoManager ReloadAssembly
Registering precompiled unity dll's ...
Register platform support module: C:/Program Files/Unity/Hub/Editor/2021.1.0f1/Editor/Data/PlaybackEngines/WebGLSupport/UnityEditor.WebGL.Extensions.dll
Register platform support module: C:/Program Files/Unity/Hub/Editor/2021.1.0f1/Editor/Data/PlaybackEngines/WindowsStandaloneSupport/UnityEditor.WindowsStandalone.Extensions.dll
Registered in 0.003711 seconds.
Native extension for WindowsStandalone target not found
Native extension for WebGL target not found
Refreshing native plugins compatible for Editor in 95.96 ms, found 2 plugins.
Preloading 0 native plugins for Editor in 0.00 ms.
Mono: successfully reloaded assembly
- Completed reload, in  1.871 seconds
Platform modules already initialized, skipping
Registering precompiled user dll's ...
Registered in 0.004279 seconds.
Begin MonoManager ReloadAssembly
Native extension for WindowsStandalone target not found
Native extension for WebGL target not found
Refreshing native plugins compatible for Editor in 118.53 ms, found 2 plugins.
Preloading 0 native plugins for Editor in 0.00 ms.
Mono: successfully reloaded assembly
- Completed reload, in  1.759 seconds
Platform modules already initialized, skipping
========================================================================
Worker process is ready to serve import requests
Launched and connected shader compiler UnityShaderCompiler.exe after 0.04 seconds
Refreshing native plugins compatible for Editor in 1.43 ms, found 2 plugins.
Preloading 0 native plugins for Editor in 0.00 ms.
Unloading 3390 Unused Serialized files (Serialized files now loaded: 0)
System memory in use before: 129.9 MB.
System memory in use after: 129.9 MB.

Unloading 29 unused Assets to reduce memory usage. Loaded Objects now: 3843.
Total: 3.042800 ms (FindLiveObjects: 0.246100 ms CreateObjectMapping: 0.264000 ms MarkObjects: 2.413600 ms  DeleteObjects: 0.118000 ms)

========================================================================
Received Import Request.
  path: Assets/Scenes/Credits.unity
  artifactKey: Guid(3ce47084bb3da9241b60b702b914d1d7) Importer(815301076,1909f56bfc062723c751e8b465ee728b)
Start importing Assets/Scenes/Credits.unity using Guid(3ce47084bb3da9241b60b702b914d1d7) Importer(815301076,1909f56bfc062723c751e8b465ee728b)  -> (artifact id: '3856972ed18fe21dd73fa12a8a431528') in 0.067483 seconds 
========================================================================
Received Prepare
Registering precompiled user dll's ...
Registered in 0.005569 seconds.
Begin MonoManager ReloadAssembly
Native extension for WindowsStandalone target not found
Native extension for WebGL target not found
Refreshing native plugins compatible for Editor in 1.10 ms, found 2 plugins.
Preloading 0 native plugins for Editor in 0.00 ms.
Mono: successfully reloaded assembly
- Completed reload, in  1.403 seconds
Platform modules already initialized, skipping
Refreshing native plugins compatible for Editor in 1.83 ms, found 2 plugins.
Preloading 0 native plugins for Editor in 0.00 ms.
Unloading 3372 Unused Serialized files (Serialized files now loaded: 0)
System memory in use before: 128.9 MB.
System memory in use after: 129.0 MB.

Unloading 17 unused Assets to reduce memory usage. Loaded Objects now: 3847.
Total: 2.497100 ms (FindLiveObjects: 0.283300 ms CreateObjectMapping: 0.147200 ms MarkObjects: 1.967300 ms  DeleteObjects: 0.097700 ms)

========================================================================
Received Import Request.
  Time since last request: 191.068973 seconds.
  path: Assets/Scenes/MainMenu.unity
  artifactKey: Guid(28406640e4f8dd844b1297a25d01cd13) Importer(815301076,1909f56bfc062723c751e8b465ee728b)
Start importing Assets/Scenes/MainMenu.unity using Guid(28406640e4f8dd844b1297a25d01cd13) Importer(815301076,1909f56bfc062723c751e8b465ee728b)  -> (artifact id: 'c4887691fc0b1a386536f0c9cce56a17') in 0.039398 seconds 
========================================================================
Received Prepare
Registering precompiled user dll's ...
Registered in 0.004322 seconds.
Begin MonoManager ReloadAssembly
Native extension for WindowsStandalone target not found
Native extension for WebGL target not found
Refreshing native plugins compatible for Editor in 0.70 ms, found 2 plugins.
Preloading 0 native plugins for Editor in 0.00 ms.
Mono: successfully reloaded assembly
- Completed reload, in  1.421 seconds
Platform modules already initialized, skipping
Refreshing native plugins compatible for Editor in 0.67 ms, found 2 plugins.
Preloading 0 native plugins for Editor in 0.00 ms.
Unloading 3372 Unused Serialized files (Serialized files now loaded: 0)
System memory in use before: 128.9 MB.
System memory in use after: 129.0 MB.

Unloading 17 unused Assets to reduce memory usage. Loaded Objects now: 3851.
Total: 2.817700 ms (FindLiveObjects: 0.290900 ms CreateObjectMapping: 0.144100 ms MarkObjects: 2.280900 ms  DeleteObjects: 0.100700 ms)

========================================================================
Received Import Request.
  Time since last request: 682.747608 seconds.
  path: Assets/Materials/blue.mat
  artifactKey: Guid(5f40a857414e0fc4bbea62a23e03ec9c) Importer(815301076,1909f56bfc062723c751e8b465ee728b)
Start importing Assets/Materials/blue.mat using Guid(5f40a857414e0fc4bbea62a23e03ec9c) Importer(815301076,1909f56bfc062723c751e8b465ee728b)  -> (artifact id: '716a06c50aa69e39b02438ca7be657c4') in 0.463503 seconds 
========================================================================
Received Import Request.
  Time since last request: 0.000202 seconds.
  path: Assets/TextMesh Pro/Resources/Fonts & Materials/LiberationSans SDF - Outline.mat
  artifactKey: Guid(79459efec17a4d00a321bdcc27bbc385) Importer(815301076,1909f56bfc062723c751e8b465ee728b)
Start importing Assets/TextMesh Pro/Resources/Fonts & Materials/LiberationSans SDF - Outline.mat using Guid(79459efec17a4d00a321bdcc27bbc385) Importer(815301076,1909f56bfc062723c751e8b465ee728b)  -> (artifact id: '84945745832c1e51db10edba69303986') in 0.357351 seconds 
========================================================================
Received Import Request.
  Time since last request: 0.000068 seconds.
  path: Assets/Pixel Adventure 1/Assets/Traps/Spiked Ball/Materials/Spiked Ball.mat
  artifactKey: Guid(7dc768d60bb010441a33c68c231f50e1) Importer(815301076,1909f56bfc062723c751e8b465ee728b)
Start importing Assets/Pixel Adventure 1/Assets/Traps/Spiked Ball/Materials/Spiked Ball.mat using Guid(7dc768d60bb010441a33c68c231f50e1) Importer(815301076,1909f56bfc062723c751e8b465ee728b)  -> (artifact id: '3bc100794ee33b90c3f7fee9f33713fb') in 0.090113 seconds 
========================================================================
Received Import Request.
  Time since last request: 0.000378 seconds.
  path: Assets/TextMesh Pro/Fonts/The Macabre Font.asset
  artifactKey: Guid(6c19121e5b2aa34409415567f6286ceb) Importer(815301076,1909f56bfc062723c751e8b465ee728b)
Start importing Assets/TextMesh Pro/Fonts/The Macabre Font.asset using Guid(6c19121e5b2aa34409415567f6286ceb) Importer(815301076,1909f56bfc062723c751e8b465ee728b)  -> (artifact id: '6755bd05a72ca535e7515f46e69ee4c5') in 0.256078 seconds 
========================================================================
Received Import Request.
  Time since last request: 0.000075 seconds.
  path: Assets/Materials/green.mat
  artifactKey: Guid(0a65991f3e58e044a99c20fe18823afc) Importer(815301076,1909f56bfc062723c751e8b465ee728b)
Start importing Assets/Materials/green.mat using Guid(0a65991f3e58e044a99c20fe18823afc) Importer(815301076,1909f56bfc062723c751e8b465ee728b)  -> (artifact id: '7f68769a5bc98818974ec53c7a914ca3') in 0.084906 seconds 
========================================================================
Received Import Request.
  Time since last request: 0.002057 seconds.
  path: Assets/Materials/red.mat
  artifactKey: Guid(07b32bed90ca7ce468c8f840ce0bdd3b) Importer(815301076,1909f56bfc062723c751e8b465ee728b)
Start importing Assets/Materials/red.mat using Guid(07b32bed90ca7ce468c8f840ce0bdd3b) Importer(815301076,1909f56bfc062723c751e8b465ee728b)  -> (artifact id: 'dea7190261f6582ec01818e7fbec4ceb') in 0.119435 seconds 
========================================================================
Received Import Request.
  Time since last request: 0.000632 seconds.
  path: Assets/TextMesh Pro/Fonts/The Macabre.otf
  artifactKey: Guid(52a8630a56524124fa70f1dfccf01516) Importer(815301076,1909f56bfc062723c751e8b465ee728b)
Start importing Assets/TextMesh Pro/Fonts/The Macabre.otf using Guid(52a8630a56524124fa70f1dfccf01516) Importer(815301076,1909f56bfc062723c751e8b465ee728b)  -> (artifact id: 'b7ef448fa11f9ceb55611c99c294b47f') in 0.090786 seconds 
========================================================================
Received Import Request.
  Time since last request: 0.000324 seconds.
  path: Assets/Fonts/PressStart2P-Regular.ttf
  artifactKey: Guid(d9a8b4cee303c234b954474601ac483b) Importer(815301076,1909f56bfc062723c751e8b465ee728b)
Start importing Assets/Fonts/PressStart2P-Regular.ttf using Guid(d9a8b4cee303c234b954474601ac483b) Importer(815301076,1909f56bfc062723c751e8b465ee728b)  -> (artifact id: 'affff366c755fd915fe30de33b7b17a6') in 0.067055 seconds 
========================================================================
Received Import Request.
  Time since last request: 0.003167 seconds.
  path: Assets/Fonts/PressStart2P-Regular SDF.asset
  artifactKey: Guid(836f68e890b9c304ab4f1fed65d6ca93) Importer(815301076,1909f56bfc062723c751e8b465ee728b)
Start importing Assets/Fonts/PressStart2P-Regular SDF.asset using Guid(836f68e890b9c304ab4f1fed65d6ca93) Importer(815301076,1909f56bfc062723c751e8b465ee728b)  -> (artifact id: '640c5382061d649144b5d6b169007009') in 0.127903 seconds 
========================================================================
Received Import Request.
  Time since last request: 0.001706 seconds.
  path: Assets/TextMesh Pro/Resources/Fonts & Materials/LiberationSans SDF - Fallback.asset
  artifactKey: Guid(2e498d1c8094910479dc3e1b768306a4) Importer(815301076,1909f56bfc062723c751e8b465ee728b)
Start importing Assets/TextMesh Pro/Resources/Fonts & Materials/LiberationSans SDF - Fallback.asset using Guid(2e498d1c8094910479dc3e1b768306a4) Importer(815301076,1909f56bfc062723c751e8b465ee728b)  -> (artifact id: '5b3656c08bb076f182532508a4852abf') in 0.086136 seconds 
========================================================================
Received Import Request.
  Time since last request: 0.000285 seconds.
  path: Assets/TextMesh Pro/Fonts/LiberationSans.ttf
  artifactKey: Guid(e3265ab4bf004d28a9537516768c1c75) Importer(815301076,1909f56bfc062723c751e8b465ee728b)
Start importing Assets/TextMesh Pro/Fonts/LiberationSans.ttf using Guid(e3265ab4bf004d28a9537516768c1c75) Importer(815301076,1909f56bfc062723c751e8b465ee728b)  -> (artifact id: '64cd8d2a858f95a88b279891b5886c32') in 0.072857 seconds 
========================================================================
Received Import Request.
  Time since last request: 0.000567 seconds.
  path: Assets/TextMesh Pro/Resources/Fonts & Materials/LiberationSans SDF - Drop Shadow.mat
  artifactKey: Guid(e73a58f6e2794ae7b1b7e50b7fb811b0) Importer(815301076,1909f56bfc062723c751e8b465ee728b)
Start importing Assets/TextMesh Pro/Resources/Fonts & Materials/LiberationSans SDF - Drop Shadow.mat using Guid(e73a58f6e2794ae7b1b7e50b7fb811b0) Importer(815301076,1909f56bfc062723c751e8b465ee728b)  -> (artifact id: 'b1bede492ee26836192c6e4eb01d6161') in 0.396157 seconds 
========================================================================
Received Import Request.
  Time since last request: 0.000282 seconds.
  path: Assets/Materials/grey.mat
  artifactKey: Guid(183b46b40eb8b9e4186d99346aec90f3) Importer(815301076,1909f56bfc062723c751e8b465ee728b)
Start importing Assets/Materials/grey.mat using Guid(183b46b40eb8b9e4186d99346aec90f3) Importer(815301076,1909f56bfc062723c751e8b465ee728b)  -> (artifact id: 'da53a5eb98e0967b0f0340744da63c0f') in 0.077569 seconds 
========================================================================
Received Import Request.
  Time since last request: 0.000331 seconds.
  path: Assets/TextMesh Pro/Resources/Fonts & Materials/LiberationSans SDF.asset
  artifactKey: Guid(8f586378b4e144a9851e7b34d9b748ee) Importer(815301076,1909f56bfc062723c751e8b465ee728b)
Start importing Assets/TextMesh Pro/Resources/Fonts & Materials/LiberationSans SDF.asset using Guid(8f586378b4e144a9851e7b34d9b748ee) Importer(815301076,1909f56bfc062723c751e8b465ee728b)  -> (artifact id: '3f4fd5d71775aab4f852abd4fedaf5ac') in 0.124389 seconds 
========================================================================
Received Prepare
Registering precompiled user dll's ...
Registered in 0.005621 seconds.
Begin MonoManager ReloadAssembly
Native extension for WindowsStandalone target not found
Native extension for WebGL target not found
Refreshing native plugins compatible for Editor in 0.75 ms, found 2 plugins.
Preloading 0 native plugins for Editor in 0.00 ms.
Mono: successfully reloaded assembly
- Completed reload, in  1.593 seconds
Platform modules already initialized, skipping
Refreshing native plugins compatible for Editor in 2.49 ms, found 2 plugins.
Preloading 0 native plugins for Editor in 0.00 ms.
Unloading 3379 Unused Serialized files (Serialized files now loaded: 0)
System memory in use before: 137.5 MB.
System memory in use after: 137.6 MB.

Unloading 17 unused Assets to reduce memory usage. Loaded Objects now: 4004.
Total: 17.600500 ms (FindLiveObjects: 0.274700 ms CreateObjectMapping: 0.131000 ms MarkObjects: 17.088600 ms  DeleteObjects: 0.104900 ms)

AssetImportWorkerClient::OnTransportError - code=2 error=End of file
